{"/home/kurttheviking/open-source/softmax/index.js":{"path":"/home/kurttheviking/open-source/softmax/index.js","s":{"1":1,"2":1,"3":1,"4":1,"5":1,"6":29,"7":29,"8":1,"9":28,"10":28,"11":28,"12":28,"13":28,"14":4,"15":24,"16":2,"17":22,"18":2,"19":20,"20":20,"21":1,"22":1,"23":1,"24":1,"25":1},"b":{"1":[29,6],"2":[1,28],"3":[10,18],"4":[15,13],"5":[25,3],"6":[4,24],"7":[2,22],"8":[2,20],"9":[22,3]},"f":{"1":29},"fnMap":{"1":{"name":"Algorithm","line":7,"loc":{"start":{"line":7,"column":0},"end":{"line":7,"column":28}}}},"statementMap":{"1":{"start":{"line":1,"column":0},"end":{"line":1,"column":26}},"2":{"start":{"line":2,"column":0},"end":{"line":2,"column":35}},"3":{"start":{"line":3,"column":0},"end":{"line":3,"column":40}},"4":{"start":{"line":5,"column":0},"end":{"line":5,"column":28}},"5":{"start":{"line":7,"column":0},"end":{"line":30,"column":1}},"6":{"start":{"line":8,"column":2},"end":{"line":8,"column":27}},"7":{"start":{"line":10,"column":2},"end":{"line":12,"column":3}},"8":{"start":{"line":11,"column":4},"end":{"line":11,"column":31}},"9":{"start":{"line":14,"column":2},"end":{"line":14,"column":22}},"10":{"start":{"line":16,"column":2},"end":{"line":16,"column":69}},"11":{"start":{"line":17,"column":2},"end":{"line":17,"column":73}},"12":{"start":{"line":18,"column":2},"end":{"line":18,"column":67}},"13":{"start":{"line":20,"column":2},"end":{"line":26,"column":3}},"14":{"start":{"line":21,"column":4},"end":{"line":21,"column":63}},"15":{"start":{"line":22,"column":9},"end":{"line":26,"column":3}},"16":{"start":{"line":23,"column":4},"end":{"line":23,"column":64}},"17":{"start":{"line":24,"column":9},"end":{"line":26,"column":3}},"18":{"start":{"line":25,"column":4},"end":{"line":25,"column":62}},"19":{"start":{"line":28,"column":2},"end":{"line":28,"column":85}},"20":{"start":{"line":29,"column":2},"end":{"line":29,"column":85}},"21":{"start":{"line":32,"column":0},"end":{"line":32,"column":56}},"22":{"start":{"line":33,"column":0},"end":{"line":33,"column":60}},"23":{"start":{"line":34,"column":0},"end":{"line":34,"column":60}},"24":{"start":{"line":35,"column":0},"end":{"line":35,"column":66}},"25":{"start":{"line":37,"column":0},"end":{"line":37,"column":27}}},"branchMap":{"1":{"line":8,"type":"binary-expr","locations":[{"start":{"line":8,"column":13},"end":{"line":8,"column":20}},{"start":{"line":8,"column":24},"end":{"line":8,"column":26}}]},"2":{"line":10,"type":"if","locations":[{"start":{"line":10,"column":2},"end":{"line":10,"column":2}},{"start":{"line":10,"column":2},"end":{"line":10,"column":2}}]},"3":{"line":16,"type":"cond-expr","locations":[{"start":{"line":16,"column":41},"end":{"line":16,"column":42}},{"start":{"line":16,"column":45},"end":{"line":16,"column":68}}]},"4":{"line":17,"type":"cond-expr","locations":[{"start":{"line":17,"column":43},"end":{"line":17,"column":47}},{"start":{"line":17,"column":50},"end":{"line":17,"column":72}}]},"5":{"line":18,"type":"cond-expr","locations":[{"start":{"line":18,"column":39},"end":{"line":18,"column":43}},{"start":{"line":18,"column":46},"end":{"line":18,"column":66}}]},"6":{"line":20,"type":"if","locations":[{"start":{"line":20,"column":2},"end":{"line":20,"column":2}},{"start":{"line":20,"column":2},"end":{"line":20,"column":2}}]},"7":{"line":22,"type":"if","locations":[{"start":{"line":22,"column":9},"end":{"line":22,"column":9}},{"start":{"line":22,"column":9},"end":{"line":22,"column":9}}]},"8":{"line":24,"type":"if","locations":[{"start":{"line":24,"column":9},"end":{"line":24,"column":9}},{"start":{"line":24,"column":9},"end":{"line":24,"column":9}}]},"9":{"line":24,"type":"binary-expr","locations":[{"start":{"line":24,"column":13},"end":{"line":24,"column":32}},{"start":{"line":24,"column":36},"end":{"line":24,"column":48}}]}}},"/home/kurttheviking/open-source/softmax/lib/load.js":{"path":"/home/kurttheviking/open-source/softmax/lib/load.js","s":{"1":1,"2":1,"3":1,"4":5,"5":5,"6":5,"7":5,"8":5,"9":5,"10":5,"11":1,"12":4,"13":1,"14":3,"15":1},"b":{"1":[5,4],"2":[1,4],"3":[1,3]},"f":{"1":5},"fnMap":{"1":{"name":"load","line":4,"loc":{"start":{"line":4,"column":0},"end":{"line":4,"column":21}}}},"statementMap":{"1":{"start":{"line":1,"column":0},"end":{"line":1,"column":26}},"2":{"start":{"line":2,"column":0},"end":{"line":2,"column":45}},"3":{"start":{"line":4,"column":0},"end":{"line":20,"column":1}},"4":{"start":{"line":5,"column":2},"end":{"line":5,"column":26}},"5":{"start":{"line":7,"column":2},"end":{"line":7,"column":25}},"6":{"start":{"line":8,"column":2},"end":{"line":8,"column":27}},"7":{"start":{"line":9,"column":2},"end":{"line":9,"column":31}},"8":{"start":{"line":10,"column":2},"end":{"line":10,"column":38}},"9":{"start":{"line":11,"column":2},"end":{"line":11,"column":38}},"10":{"start":{"line":13,"column":2},"end":{"line":17,"column":3}},"11":{"start":{"line":14,"column":4},"end":{"line":14,"column":76}},"12":{"start":{"line":15,"column":9},"end":{"line":17,"column":3}},"13":{"start":{"line":16,"column":4},"end":{"line":16,"column":76}},"14":{"start":{"line":19,"column":2},"end":{"line":19,"column":28}},"15":{"start":{"line":22,"column":0},"end":{"line":22,"column":22}}},"branchMap":{"1":{"line":9,"type":"binary-expr","locations":[{"start":{"line":9,"column":13},"end":{"line":9,"column":22}},{"start":{"line":9,"column":26},"end":{"line":9,"column":30}}]},"2":{"line":13,"type":"if","locations":[{"start":{"line":13,"column":2},"end":{"line":13,"column":2}},{"start":{"line":13,"column":2},"end":{"line":13,"column":2}}]},"3":{"line":15,"type":"if","locations":[{"start":{"line":15,"column":9},"end":{"line":15,"column":9}},{"start":{"line":15,"column":9},"end":{"line":15,"column":9}}]}}},"/home/kurttheviking/open-source/softmax/lib/reward.js":{"path":"/home/kurttheviking/open-source/softmax/lib/reward.js","s":{"1":1,"2":1,"3":1,"4":10,"5":10,"6":10,"7":10,"8":3,"9":7,"10":2,"11":5,"12":3,"13":2,"14":2,"15":2,"16":2,"17":2,"18":2,"19":1},"b":{"1":[3,7],"2":[2,5],"3":[7,6],"4":[3,2]},"f":{"1":10},"fnMap":{"1":{"name":"reward","line":4,"loc":{"start":{"line":4,"column":0},"end":{"line":4,"column":26}}}},"statementMap":{"1":{"start":{"line":1,"column":0},"end":{"line":1,"column":26}},"2":{"start":{"line":2,"column":0},"end":{"line":2,"column":47}},"3":{"start":{"line":4,"column":0},"end":{"line":28,"column":1}},"4":{"start":{"line":5,"column":2},"end":{"line":5,"column":9}},"5":{"start":{"line":6,"column":2},"end":{"line":6,"column":12}},"6":{"start":{"line":8,"column":2},"end":{"line":8,"column":43}},"7":{"start":{"line":10,"column":2},"end":{"line":16,"column":3}},"8":{"start":{"line":11,"column":4},"end":{"line":11,"column":70}},"9":{"start":{"line":12,"column":9},"end":{"line":16,"column":3}},"10":{"start":{"line":13,"column":4},"end":{"line":13,"column":51}},"11":{"start":{"line":14,"column":9},"end":{"line":16,"column":3}},"12":{"start":{"line":15,"column":4},"end":{"line":15,"column":73}},"13":{"start":{"line":18,"column":2},"end":{"line":18,"column":26}},"14":{"start":{"line":19,"column":2},"end":{"line":19,"column":27}},"15":{"start":{"line":21,"column":2},"end":{"line":21,"column":34}},"16":{"start":{"line":23,"column":2},"end":{"line":23,"column":62}},"17":{"start":{"line":25,"column":2},"end":{"line":25,"column":49}},"18":{"start":{"line":27,"column":2},"end":{"line":27,"column":28}},"19":{"start":{"line":30,"column":0},"end":{"line":30,"column":24}}},"branchMap":{"1":{"line":10,"type":"if","locations":[{"start":{"line":10,"column":2},"end":{"line":10,"column":2}},{"start":{"line":10,"column":2},"end":{"line":10,"column":2}}]},"2":{"line":12,"type":"if","locations":[{"start":{"line":12,"column":9},"end":{"line":12,"column":9}},{"start":{"line":12,"column":9},"end":{"line":12,"column":9}}]},"3":{"line":12,"type":"binary-expr","locations":[{"start":{"line":12,"column":13},"end":{"line":12,"column":29}},{"start":{"line":12,"column":33},"end":{"line":12,"column":40}}]},"4":{"line":14,"type":"if","locations":[{"start":{"line":14,"column":9},"end":{"line":14,"column":9}},{"start":{"line":14,"column":9},"end":{"line":14,"column":9}}]}}},"/home/kurttheviking/open-source/softmax/lib/select.js":{"path":"/home/kurttheviking/open-source/softmax/lib/select.js","s":{"1":1,"2":1,"3":1,"4":12,"5":12,"6":12,"7":12,"8":12,"9":12,"10":12,"11":72,"12":12,"13":12,"14":72,"15":12,"16":47,"17":47,"18":12,"19":12,"20":12,"21":12,"22":1},"b":{"1":[12,12],"2":[12,35]},"f":{"1":12,"2":72,"3":72,"4":47},"fnMap":{"1":{"name":"select","line":4,"loc":{"start":{"line":4,"column":0},"end":{"line":4,"column":18}}},"2":{"name":"adjustObservedValue","line":12,"loc":{"start":{"line":12,"column":27},"end":{"line":12,"column":61}}},"3":{"name":"scaleAdjustedValue","line":18,"loc":{"start":{"line":18,"column":22},"end":{"line":18,"column":55}}},"4":{"name":"findBestArm","line":22,"loc":{"start":{"line":22,"column":20},"end":{"line":22,"column":49}}}},"statementMap":{"1":{"start":{"line":1,"column":0},"end":{"line":1,"column":26}},"2":{"start":{"line":2,"column":0},"end":{"line":2,"column":47}},"3":{"start":{"line":4,"column":0},"end":{"line":33,"column":1}},"4":{"start":{"line":5,"column":2},"end":{"line":5,"column":16}},"5":{"start":{"line":6,"column":2},"end":{"line":6,"column":10}},"6":{"start":{"line":7,"column":2},"end":{"line":7,"column":31}},"7":{"start":{"line":8,"column":2},"end":{"line":8,"column":75}},"8":{"start":{"line":9,"column":2},"end":{"line":9,"column":13}},"9":{"start":{"line":10,"column":2},"end":{"line":10,"column":8}},"10":{"start":{"line":12,"column":2},"end":{"line":14,"column":5}},"11":{"start":{"line":13,"column":4},"end":{"line":13,"column":32}},"12":{"start":{"line":16,"column":2},"end":{"line":16,"column":20}},"13":{"start":{"line":18,"column":2},"end":{"line":20,"column":5}},"14":{"start":{"line":19,"column":4},"end":{"line":19,"column":19}},"15":{"start":{"line":22,"column":2},"end":{"line":29,"column":5}},"16":{"start":{"line":23,"column":4},"end":{"line":23,"column":17}},"17":{"start":{"line":25,"column":4},"end":{"line":28,"column":5}},"18":{"start":{"line":26,"column":6},"end":{"line":26,"column":14}},"19":{"start":{"line":27,"column":6},"end":{"line":27,"column":19}},"20":{"start":{"line":31,"column":2},"end":{"line":31,"column":37}},"21":{"start":{"line":32,"column":2},"end":{"line":32,"column":13}},"22":{"start":{"line":35,"column":0},"end":{"line":35,"column":24}}},"branchMap":{"1":{"line":8,"type":"binary-expr","locations":[{"start":{"line":8,"column":13},"end":{"line":8,"column":21}},{"start":{"line":8,"column":25},"end":{"line":8,"column":74}}]},"2":{"line":25,"type":"if","locations":[{"start":{"line":25,"column":4},"end":{"line":25,"column":4}},{"start":{"line":25,"column":4},"end":{"line":25,"column":4}}]}}},"/home/kurttheviking/open-source/softmax/lib/serialize.js":{"path":"/home/kurttheviking/open-source/softmax/lib/serialize.js","s":{"1":1,"2":1,"3":2,"4":2,"5":2,"6":1},"b":{},"f":{"1":2},"fnMap":{"1":{"name":"serialize","line":3,"loc":{"start":{"line":3,"column":0},"end":{"line":3,"column":21}}}},"statementMap":{"1":{"start":{"line":1,"column":0},"end":{"line":1,"column":50}},"2":{"start":{"line":3,"column":0},"end":{"line":14,"column":1}},"3":{"start":{"line":4,"column":2},"end":{"line":10,"column":4}},"4":{"start":{"line":12,"column":2},"end":{"line":12,"column":28}},"5":{"start":{"line":13,"column":2},"end":{"line":13,"column":13}},"6":{"start":{"line":16,"column":0},"end":{"line":16,"column":27}}},"branchMap":{}}}